<?xml version="1.0" encoding="UTF-8"?>
<!-- Generated by org.testng.reporters.JUnitReportReporter -->
<testsuite hostname="Lenovo-PC" failures="0" tests="1" name="GIT.GITTest.BaseClass" time="11.946" errors="0" timestamp="12 Feb 2018 16:05:15 GMT" skipped="0">
  <testcase classname="GIT.GITTest.BaseClass" name="init" time="11.946"/>
</testsuite> <!-- GIT.GITTest.BaseClass -->
