<?xml version="1.0" encoding="UTF-8"?>
<!-- Generated by org.testng.reporters.JUnitReportReporter -->
<testsuite hostname="Lenovo-PC" failures="0" tests="1" name="GIT.GITTest.BaseClass" time="7.532" errors="0" timestamp="14 Feb 2018 18:55:05 GMT" skipped="0">
  <testcase classname="GIT.GITTest.BaseClass" name="init" time="7.532"/>
</testsuite> <!-- GIT.GITTest.BaseClass -->
